<?xml version="1.0" encoding="UTF-8"?>
<!-- Generated by org.testng.reporters.JUnitXMLReporter -->
<testsuite hostname="home-pc" ignored="0" name="Surefire test" tests="24" failures="0" timestamp="10 фев 2019 20:18:59 GMT" time="8.494" errors="0">
  <testcase name="loginNegative" time="2.214" classname="tests.LoginTest"/>
  <testcase name="loginNegative" time="0.392" classname="tests.LoginTest"/>
  <testcase name="loginNegative" time="0.233" classname="tests.LoginTest"/>
  <testcase name="loginNegative" time="0.428" classname="tests.LoginTest"/>
  <testcase name="loginNegative" time="0.236" classname="tests.LoginTest"/>
  <testcase name="loginNegative" time="0.233" classname="tests.LoginTest"/>
  <testcase name="loginNegative" time="0.217" classname="tests.LoginTest"/>
  <testcase name="loginNegative" time="0.397" classname="tests.LoginTest"/>
  <testcase name="loginPositive" time="0.217" classname="tests.LoginTest"/>
  <testcase name="loginPositive" time="0.231" classname="tests.LoginTest"/>
  <testcase name="loginPositive" time="0.209" classname="tests.LoginTest"/>
  <testcase name="loginPositive" time="0.226" classname="tests.LoginTest"/>
  <testcase name="loginPositive" time="0.217" classname="tests.LoginTest"/>
  <testcase name="loginPositive" time="0.207" classname="tests.LoginTest"/>
  <testcase name="loginPositive" time="0.236" classname="tests.LoginTest"/>
  <testcase name="loginPositive" time="0.205" classname="tests.LoginTest"/>
  <testcase name="loginPositive" time="0.202" classname="tests.LoginTest"/>
  <testcase name="loginPositive" time="0.205" classname="tests.LoginTest"/>
  <testcase name="loginPositive" time="0.224" classname="tests.LoginTest"/>
  <testcase name="loginPositive" time="0.42" classname="tests.LoginTest"/>
  <testcase name="loginPositive" time="0.203" classname="tests.LoginTest"/>
  <testcase name="loginPositive" time="0.199" classname="tests.LoginTest"/>
  <testcase name="loginPositive" time="0.215" classname="tests.LoginTest"/>
  <testcase name="loginPositive" time="0.232" classname="tests.LoginTest"/>
</testsuite> <!-- Surefire test -->
